生成启动时间为 2014/2/11 21:27:52。
     1>项目“D:\WorkSpace\coa_game\wow\server\gameserver\trunk\protobuf-2.5.0\vsprojects\libprotobuf.vcxproj”在节点 2 上(build 个目标)。
     1>C:\Program Files (x86)\MSBuild\Microsoft.Cpp\v4.0\Microsoft.CppBuild.targets(299,5): warning MSB8004: Output 目录未以斜杠结尾。此生成实例将添加斜杠，因为必须有这个斜杠才能正确计算 Output 目录。
         正在创建目录“..\lib\”。
     1>InitializeBuildStatus:
         正在创建“Debug\libprotobuf.unsuccessfulbuild”，因为已指定“AlwaysCreate”。
       ClCompile:
         所有输出均为最新。
       Lib:
         所有输出均为最新。
         C:\Program Files (x86)\Microsoft Visual Studio 10.0\VC\bin\Lib.exe /OUT:"..\lib\libprotobuf.lib" /NOLOGO Debug\coded_stream.obj
         Debug\common.obj
         Debug\descriptor.obj
         Debug\descriptor.pb.obj
         Debug\descriptor_database.obj
         Debug\dynamic_message.obj
         Debug\extension_set.obj
         Debug\extension_set_heavy.obj
         Debug\generated_message_reflection.obj
         Debug\generated_message_util.obj
         Debug\gzip_stream.obj
         Debug\importer.obj
         Debug\message.obj
         Debug\message_lite.obj
         Debug\once.obj
         Debug\atomicops_internals_x86_msvc.obj
         Debug\parser.obj
         Debug\printer.obj
         Debug\reflection_ops.obj
         Debug\repeated_field.obj
         Debug\service.obj
         Debug\structurally_valid.obj
         Debug\strutil.obj
         Debug\substitute.obj
         Debug\text_format.obj
         Debug\tokenizer.obj
         Debug\unknown_field_set.obj
         Debug\wire_format.obj
         Debug\wire_format_lite.obj
         Debug\zero_copy_stream.obj
         Debug\zero_copy_stream_impl.obj
         Debug\zero_copy_stream_impl_lite.obj
         Debug\stringprintf.obj
         libprotobuf.vcxproj -> D:\WorkSpace\coa_game\wow\server\gameserver\trunk\protobuf-2.5.0\vsprojects\..\lib\libprotobuf.lib
       FinalizeBuildStatus:
         正在删除文件“Debug\libprotobuf.unsuccessfulbuild”。
         正在对“Debug\libprotobuf.lastbuildstate”执行 Touch 任务。
     1>已完成生成项目“D:\WorkSpace\coa_game\wow\server\gameserver\trunk\protobuf-2.5.0\vsprojects\libprotobuf.vcxproj”(build 个目标)的操作。

生成成功。

已用时间 00:00:00.20
