D:\TOLUA++-1.0.93\BIN\TOLUA++.EXE
D:\tolua++-1.0.93\win32\vc7\withLua51_Release\cl.command.1.tlog
D:\tolua++-1.0.93\win32\vc7\withLua51_Release\CL.read.1.tlog
D:\tolua++-1.0.93\win32\vc7\withLua51_Release\CL.write.1.tlog
D:\tolua++-1.0.93\win32\vc7\withLua51_Release\link.command.1.tlog
D:\tolua++-1.0.93\win32\vc7\withLua51_Release\link.read.1.tlog
D:\tolua++-1.0.93\win32\vc7\withLua51_Release\link.write.1.tlog
D:\tolua++-1.0.93\win32\vc7\withLua51_Release\mt.command.1.tlog
D:\tolua++-1.0.93\win32\vc7\withLua51_Release\mt.read.1.tlog
D:\tolua++-1.0.93\win32\vc7\withLua51_Release\mt.write.1.tlog
D:\TOLUA++-1.0.93\WIN32\VC7\WITHLUA51_RELEASE\TOLUA.OBJ
D:\TOLUA++-1.0.93\WIN32\VC7\WITHLUA51_RELEASE\TOLUA_EVENT.OBJ
D:\TOLUA++-1.0.93\WIN32\VC7\WITHLUA51_RELEASE\TOLUA_IS.OBJ
D:\TOLUA++-1.0.93\WIN32\VC7\WITHLUA51_RELEASE\TOLUA_MAP.OBJ
D:\TOLUA++-1.0.93\WIN32\VC7\WITHLUA51_RELEASE\TOLUA_PUSH.OBJ
D:\TOLUA++-1.0.93\WIN32\VC7\WITHLUA51_RELEASE\TOLUA_TO.OBJ
D:\TOLUA++-1.0.93\WIN32\VC7\WITHLUA51_RELEASE\TOLUABIND.OBJ
D:\TOLUA++-1.0.93\WIN32\VC7\WITHLUA51_RELEASE\TOLUAPP.EXE.INTERMEDIATE.MANIFEST
D:\TOLUA++-1.0.93\WIN32\VC7\WITHLUA51_RELEASE\TOLUAPP.PDB
D:\TOLUA++-1.0.93\WIN32\VC7\WITHLUA51_RELEASE\VC100.PDB
withLua51_Release\toluapp.pdb
