生成启动时间为 2017/11/1 9:59:29。
     1>项目“H:\baselib\tolua++\win32\vc7\toluapp.vcxproj”在节点 2 上(Build 个目标)。
     1>ClCompile:
         D:\Program Files (x86)\Microsoft Visual Studio 12.0\VC\bin\CL.exe /c /I..\..\include /I"D:\lua-5.1.4\src" /Zi /nologo /W3 /WX- /O2 /Oy- /D WIN32 /D NDEBUG /D _CONSOLE /D _MBCS /Gm- /EHsc /MT /GS /fp:precise /Zc:wchar_t /Zc:forScope /Fo"withLua51_Release\\" /Fd"withLua51_Release\vc120.pdb" /Gd /TC /analyze- /errorReport:prompt ..\..\src\bin\tolua.c ..\..\src\lib\tolua_event.c ..\..\src\lib\tolua_is.c ..\..\src\lib\tolua_map.c ..\..\src\lib\tolua_push.c ..\..\src\lib\tolua_to.c ..\..\src\bin\toluabind.c
         tolua.c
     1>H:\baselib\tolua++\include\tolua++.h(46): fatal error C1083: 无法打开包括文件: “lua.h”: No such file or directory
         tolua_event.c
     1>H:\baselib\tolua++\include\tolua++.h(46): fatal error C1083: 无法打开包括文件: “lua.h”: No such file or directory
         tolua_is.c
     1>H:\baselib\tolua++\include\tolua++.h(46): fatal error C1083: 无法打开包括文件: “lua.h”: No such file or directory
         tolua_map.c
     1>H:\baselib\tolua++\include\tolua++.h(46): fatal error C1083: 无法打开包括文件: “lua.h”: No such file or directory
         tolua_push.c
     1>H:\baselib\tolua++\include\tolua++.h(46): fatal error C1083: 无法打开包括文件: “lua.h”: No such file or directory
         tolua_to.c
     1>H:\baselib\tolua++\include\tolua++.h(46): fatal error C1083: 无法打开包括文件: “lua.h”: No such file or directory
         toluabind.c
     1>H:\baselib\tolua++\include\tolua++.h(46): fatal error C1083: 无法打开包括文件: “lua.h”: No such file or directory
         正在生成代码...
     1>已完成生成项目“H:\baselib\tolua++\win32\vc7\toluapp.vcxproj”(Build 个目标)的操作 - 失败。

生成失败。

已用时间 00:00:00.65
