生成启动时间为 2017/11/1 9:59:36。
     1>项目“H:\baselib\tolua++\win32\tolua\tolua\tolua.vcxproj”在节点 2 上(Build 个目标)。
     1>C:\Program Files (x86)\MSBuild\Microsoft.Cpp\v4.0\V120\Microsoft.CppBuild.targets(357,5): warning MSB8004: Output Directory does not end with a trailing slash.  This build instance will add the slash as it is required to allow proper evaluation of the Output Directory.
     1>ClCompile:
         D:\Program Files (x86)\Microsoft Visual Studio 12.0\VC\bin\CL.exe /c /I..\..\..\include /I..\..\..\..\lua\include /ZI /nologo /W3 /WX- /Od /Oy- /D WIN32 /D _DEBUG /D _LIB /D _UNICODE /D UNICODE /Gm /EHsc /RTC1 /MDd /GS /fp:precise /Zc:wchar_t /Zc:forScope /Fo"Debug\\" /Fd"Debug\vc120.pdb" /Gd /TC /analyze- /errorReport:prompt ..\..\..\src\lib\tolua_event.c ..\..\..\src\lib\tolua_is.c ..\..\..\src\lib\tolua_map.c ..\..\..\src\lib\tolua_push.c ..\..\..\src\lib\tolua_to.c
         tolua_to.c
         tolua_push.c
         tolua_map.c
     1>h:\baselib\tolua++\src\lib\tolua_map.c(395): warning C4996: 'strncat': This function or variable may be unsafe. Consider using strncat_s instead. To disable deprecation, use _CRT_SECURE_NO_WARNINGS. See online help for details.
                 d:\program files (x86)\microsoft visual studio 12.0\vc\include\string.h(186) : 参见“strncat”的声明
     1>h:\baselib\tolua++\src\lib\tolua_map.c(398): warning C4090: “函数”: 不同的“const”限定符
     1>h:\baselib\tolua++\src\lib\tolua_map.c(525): warning C4996: 'strncat': This function or variable may be unsafe. Consider using strncat_s instead. To disable deprecation, use _CRT_SECURE_NO_WARNINGS. See online help for details.
                 d:\program files (x86)\microsoft visual studio 12.0\vc\include\string.h(186) : 参见“strncat”的声明
     1>h:\baselib\tolua++\src\lib\tolua_map.c(526): warning C4996: 'strncat': This function or variable may be unsafe. Consider using strncat_s instead. To disable deprecation, use _CRT_SECURE_NO_WARNINGS. See online help for details.
                 d:\program files (x86)\microsoft visual studio 12.0\vc\include\string.h(186) : 参见“strncat”的声明
         tolua_is.c
     1>h:\baselib\tolua++\src\lib\tolua_is.c(119): warning C4114: 多次使用同一类型限定符
         tolua_event.c
         正在生成代码...
       Lib:
         D:\Program Files (x86)\Microsoft Visual Studio 12.0\VC\bin\Lib.exe /OUT:"..\..\..\lib\tolua++.lib" /NOLOGO Debug\tolua_event.obj
         Debug\tolua_is.obj
         Debug\tolua_map.obj
         Debug\tolua_push.obj
         Debug\tolua_to.obj
         tolua.vcxproj -> H:\baselib\tolua++\win32\tolua\tolua\..\..\..\lib\tolua++.lib
     1>已完成生成项目“H:\baselib\tolua++\win32\tolua\tolua\tolua.vcxproj”(Build 个目标)的操作。

生成成功。

已用时间 00:00:00.61
